running egg_info
creating build/robot_controller_sept_03/robot_controller_sept_03.egg-info
writing build/robot_controller_sept_03/robot_controller_sept_03.egg-info/PKG-INFO
writing dependency_links to build/robot_controller_sept_03/robot_controller_sept_03.egg-info/dependency_links.txt
writing entry points to build/robot_controller_sept_03/robot_controller_sept_03.egg-info/entry_points.txt
writing requirements to build/robot_controller_sept_03/robot_controller_sept_03.egg-info/requires.txt
writing top-level names to build/robot_controller_sept_03/robot_controller_sept_03.egg-info/top_level.txt
writing manifest file 'build/robot_controller_sept_03/robot_controller_sept_03.egg-info/SOURCES.txt'
reading manifest file 'build/robot_controller_sept_03/robot_controller_sept_03.egg-info/SOURCES.txt'
writing manifest file 'build/robot_controller_sept_03/robot_controller_sept_03.egg-info/SOURCES.txt'
running build
running build_py
creating /home/ws/batch2/ros2_ws/src/robot_controller_sept_03/build/robot_controller_sept_03/build
creating /home/ws/batch2/ros2_ws/src/robot_controller_sept_03/build/robot_controller_sept_03/build/lib
creating /home/ws/batch2/ros2_ws/src/robot_controller_sept_03/build/robot_controller_sept_03/build/lib/robot_controller_sept_03
copying robot_controller_sept_03/__init__.py -> /home/ws/batch2/ros2_ws/src/robot_controller_sept_03/build/robot_controller_sept_03/build/lib/robot_controller_sept_03
copying robot_controller_sept_03/my_first_node.py -> /home/ws/batch2/ros2_ws/src/robot_controller_sept_03/build/robot_controller_sept_03/build/lib/robot_controller_sept_03
running install
running install_lib
creating /home/ws/batch2/ros2_ws/src/robot_controller_sept_03/install/robot_controller_sept_03/lib/python3.10/site-packages/robot_controller_sept_03
copying /home/ws/batch2/ros2_ws/src/robot_controller_sept_03/build/robot_controller_sept_03/build/lib/robot_controller_sept_03/__init__.py -> /home/ws/batch2/ros2_ws/src/robot_controller_sept_03/install/robot_controller_sept_03/lib/python3.10/site-packages/robot_controller_sept_03
copying /home/ws/batch2/ros2_ws/src/robot_controller_sept_03/build/robot_controller_sept_03/build/lib/robot_controller_sept_03/my_first_node.py -> /home/ws/batch2/ros2_ws/src/robot_controller_sept_03/install/robot_controller_sept_03/lib/python3.10/site-packages/robot_controller_sept_03
byte-compiling /home/ws/batch2/ros2_ws/src/robot_controller_sept_03/install/robot_controller_sept_03/lib/python3.10/site-packages/robot_controller_sept_03/__init__.py to __init__.cpython-310.pyc
byte-compiling /home/ws/batch2/ros2_ws/src/robot_controller_sept_03/install/robot_controller_sept_03/lib/python3.10/site-packages/robot_controller_sept_03/my_first_node.py to my_first_node.cpython-310.pyc
running install_data
creating /home/ws/batch2/ros2_ws/src/robot_controller_sept_03/install/robot_controller_sept_03/share/ament_index
creating /home/ws/batch2/ros2_ws/src/robot_controller_sept_03/install/robot_controller_sept_03/share/ament_index/resource_index
creating /home/ws/batch2/ros2_ws/src/robot_controller_sept_03/install/robot_controller_sept_03/share/ament_index/resource_index/packages
copying resource/robot_controller_sept_03 -> /home/ws/batch2/ros2_ws/src/robot_controller_sept_03/install/robot_controller_sept_03/share/ament_index/resource_index/packages
copying package.xml -> /home/ws/batch2/ros2_ws/src/robot_controller_sept_03/install/robot_controller_sept_03/share/robot_controller_sept_03
running install_egg_info
Copying build/robot_controller_sept_03/robot_controller_sept_03.egg-info to /home/ws/batch2/ros2_ws/src/robot_controller_sept_03/install/robot_controller_sept_03/lib/python3.10/site-packages/robot_controller_sept_03-0.0.0-py3.10.egg-info
running install_scripts
Installing test_node script to /home/ws/batch2/ros2_ws/src/robot_controller_sept_03/install/robot_controller_sept_03/lib/robot_controller_sept_03
writing list of installed files to '/home/ws/batch2/ros2_ws/src/robot_controller_sept_03/build/robot_controller_sept_03/install.log'
