[0.613s] DEBUG:colcon:Command line arguments: ['/usr/bin/colcon', 'build']
[0.615s] DEBUG:colcon:Parsed command line arguments: Namespace(log_base=None, log_level=None, verb_name='build', build_base='build', install_base='install', merge_install=False, symlink_install=False, test_result_base=None, continue_on_error=False, executor='parallel', parallel_workers=6, event_handlers=None, ignore_user_meta=False, metas=['./colcon.meta'], base_paths=['.'], packages_ignore=None, packages_ignore_regex=None, paths=None, packages_up_to=None, packages_up_to_regex=None, packages_above=None, packages_above_and_dependencies=None, packages_above_depth=None, packages_select_by_dep=None, packages_skip_by_dep=None, packages_skip_up_to=None, packages_select_build_failed=False, packages_skip_build_finished=False, packages_select_test_failures=False, packages_skip_test_passed=False, packages_select=None, packages_skip=None, packages_select_regex=None, packages_skip_regex=None, packages_start=None, packages_end=None, allow_overriding=[], cmake_args=None, cmake_target=None, cmake_target_skip_unavailable=False, cmake_clean_cache=False, cmake_clean_first=False, cmake_force_configure=False, ament_cmake_args=None, catkin_cmake_args=None, catkin_skip_building_tests=False, mixin_files=None, mixin=None, verb_parser=<colcon_mixin.mixin.mixin_argument.MixinArgumentDecorator object at 0x7e0eb3b69210>, verb_extension=<colcon_core.verb.build.BuildVerb object at 0x7e0eb3b68820>, main=<bound method BuildVerb.main of <colcon_core.verb.build.BuildVerb object at 0x7e0eb3b68820>>, mixin_verb=('build',))
[1.670s] Level 1:colcon.colcon_core.package_discovery:discover_packages(colcon_meta) check parameters
[1.670s] Level 1:colcon.colcon_core.package_discovery:discover_packages(recursive) check parameters
[1.671s] Level 1:colcon.colcon_core.package_discovery:discover_packages(ignore) check parameters
[1.671s] Level 1:colcon.colcon_core.package_discovery:discover_packages(path) check parameters
[1.671s] Level 1:colcon.colcon_core.package_discovery:discover_packages(colcon_meta) discover
[1.671s] Level 1:colcon.colcon_core.package_discovery:discover_packages(recursive) discover
[1.671s] INFO:colcon.colcon_core.package_discovery:Crawling recursively for packages in '/home/ws/batch2/ros2_ws/src/robot_controller_sept_03'
[1.672s] Level 1:colcon.colcon_core.package_identification:_identify(.) by extensions ['ignore', 'ignore_ament_install']
[1.673s] Level 1:colcon.colcon_core.package_identification:_identify(.) by extension 'ignore'
[1.673s] Level 1:colcon.colcon_core.package_identification:_identify(.) by extension 'ignore_ament_install'
[1.673s] Level 1:colcon.colcon_core.package_identification:_identify(.) by extensions ['colcon_pkg']
[1.673s] Level 1:colcon.colcon_core.package_identification:_identify(.) by extension 'colcon_pkg'
[1.673s] Level 1:colcon.colcon_core.package_identification:_identify(.) by extensions ['colcon_meta']
[1.673s] Level 1:colcon.colcon_core.package_identification:_identify(.) by extension 'colcon_meta'
[1.674s] Level 1:colcon.colcon_core.package_identification:_identify(.) by extensions ['ros']
[1.674s] Level 1:colcon.colcon_core.package_identification:_identify(.) by extension 'ros'
[1.752s] DEBUG:colcon.colcon_core.package_identification:Package '.' with type 'ros.ament_python' and name 'robot_controller_sept_03'
[1.753s] Level 1:colcon.colcon_core.package_discovery:discover_packages(recursive) using defaults
[1.753s] Level 1:colcon.colcon_core.package_discovery:discover_packages(ignore) discover
[1.754s] Level 1:colcon.colcon_core.package_discovery:discover_packages(ignore) using defaults
[1.754s] Level 1:colcon.colcon_core.package_discovery:discover_packages(path) discover
[1.754s] Level 1:colcon.colcon_core.package_discovery:discover_packages(path) using defaults
[1.885s] Level 1:colcon.colcon_core.package_discovery:discover_packages(prefix_path) check parameters
[1.885s] Level 1:colcon.colcon_core.package_discovery:discover_packages(prefix_path) discover
[1.902s] DEBUG:colcon.colcon_installed_package_information.package_discovery:Found 286 installed packages in /opt/ros/humble
[1.918s] Level 1:colcon.colcon_core.package_discovery:discover_packages(prefix_path) using defaults
[2.188s] Level 5:colcon.colcon_core.verb:set package 'robot_controller_sept_03' build argument 'cmake_args' from command line to 'None'
[2.188s] Level 5:colcon.colcon_core.verb:set package 'robot_controller_sept_03' build argument 'cmake_target' from command line to 'None'
[2.188s] Level 5:colcon.colcon_core.verb:set package 'robot_controller_sept_03' build argument 'cmake_target_skip_unavailable' from command line to 'False'
[2.188s] Level 5:colcon.colcon_core.verb:set package 'robot_controller_sept_03' build argument 'cmake_clean_cache' from command line to 'False'
[2.189s] Level 5:colcon.colcon_core.verb:set package 'robot_controller_sept_03' build argument 'cmake_clean_first' from command line to 'False'
[2.189s] Level 5:colcon.colcon_core.verb:set package 'robot_controller_sept_03' build argument 'cmake_force_configure' from command line to 'False'
[2.189s] Level 5:colcon.colcon_core.verb:set package 'robot_controller_sept_03' build argument 'ament_cmake_args' from command line to 'None'
[2.189s] Level 5:colcon.colcon_core.verb:set package 'robot_controller_sept_03' build argument 'catkin_cmake_args' from command line to 'None'
[2.190s] Level 5:colcon.colcon_core.verb:set package 'robot_controller_sept_03' build argument 'catkin_skip_building_tests' from command line to 'False'
[2.190s] DEBUG:colcon.colcon_core.verb:Building package 'robot_controller_sept_03' with the following arguments: {'ament_cmake_args': None, 'build_base': '/home/ws/batch2/ros2_ws/src/robot_controller_sept_03/build/robot_controller_sept_03', 'catkin_cmake_args': None, 'catkin_skip_building_tests': False, 'cmake_args': None, 'cmake_clean_cache': False, 'cmake_clean_first': False, 'cmake_force_configure': False, 'cmake_target': None, 'cmake_target_skip_unavailable': False, 'install_base': '/home/ws/batch2/ros2_ws/src/robot_controller_sept_03/install/robot_controller_sept_03', 'merge_install': False, 'path': '/home/ws/batch2/ros2_ws/src/robot_controller_sept_03', 'symlink_install': False, 'test_result_base': None}
[2.191s] INFO:colcon.colcon_core.executor:Executing jobs using 'parallel' executor
[2.198s] DEBUG:colcon.colcon_parallel_executor.executor.parallel:run_until_complete
[2.213s] INFO:colcon.colcon_ros.task.ament_python.build:Building ROS package in '/home/ws/batch2/ros2_ws/src/robot_controller_sept_03' with build type 'ament_python'
[2.213s] Level 1:colcon.colcon_core.shell:create_environment_hook('robot_controller_sept_03', 'ament_prefix_path')
[2.232s] INFO:colcon.colcon_core.plugin_system:Skipping extension 'colcon_core.shell.bat': Not used on non-Windows systems
[2.236s] INFO:colcon.colcon_core.shell:Creating environment hook '/home/ws/batch2/ros2_ws/src/robot_controller_sept_03/install/robot_controller_sept_03/share/robot_controller_sept_03/hook/ament_prefix_path.ps1'
[2.243s] INFO:colcon.colcon_core.shell:Creating environment descriptor '/home/ws/batch2/ros2_ws/src/robot_controller_sept_03/install/robot_controller_sept_03/share/robot_controller_sept_03/hook/ament_prefix_path.dsv'
[2.249s] INFO:colcon.colcon_core.shell:Creating environment hook '/home/ws/batch2/ros2_ws/src/robot_controller_sept_03/install/robot_controller_sept_03/share/robot_controller_sept_03/hook/ament_prefix_path.sh'
[2.256s] INFO:colcon.colcon_core.shell:Skip shell extension 'powershell' for command environment: Not usable outside of PowerShell
[2.257s] DEBUG:colcon.colcon_core.shell:Skip shell extension 'dsv' for command environment
[4.215s] INFO:colcon.colcon_core.task.python.build:Building Python package in '/home/ws/batch2/ros2_ws/src/robot_controller_sept_03'
[4.218s] INFO:colcon.colcon_core.shell:Skip shell extension 'powershell' for command environment: Not usable outside of PowerShell
[4.221s] DEBUG:colcon.colcon_core.shell:Skip shell extension 'dsv' for command environment
[6.352s] DEBUG:colcon.colcon_core.event_handler.log_command:Invoking command in '/home/ws/batch2/ros2_ws/src/robot_controller_sept_03': PYTHONPATH=/home/ws/batch2/ros2_ws/src/robot_controller_sept_03/build/robot_controller_sept_03/prefix_override:/usr/lib/python3/dist-packages/colcon_core/task/python/colcon_distutils_commands:/home/ws/batch2/ros2_ws/src/robot_controller_sept_03/install/robot_controller_sept_03/lib/python3.10/site-packages:${PYTHONPATH} /usr/bin/python3 -W ignore:setup.py install is deprecated -W ignore:easy_install command is deprecated setup.py egg_info --egg-base build/robot_controller_sept_03 build --build-base /home/ws/batch2/ros2_ws/src/robot_controller_sept_03/build/robot_controller_sept_03/build install --record /home/ws/batch2/ros2_ws/src/robot_controller_sept_03/build/robot_controller_sept_03/install.log --single-version-externally-managed install_data
[9.511s] DEBUG:colcon.colcon_core.event_handler.log_command:Invoked command in '/home/ws/batch2/ros2_ws/src/robot_controller_sept_03' returned '0': PYTHONPATH=/home/ws/batch2/ros2_ws/src/robot_controller_sept_03/build/robot_controller_sept_03/prefix_override:/usr/lib/python3/dist-packages/colcon_core/task/python/colcon_distutils_commands:/home/ws/batch2/ros2_ws/src/robot_controller_sept_03/install/robot_controller_sept_03/lib/python3.10/site-packages:${PYTHONPATH} /usr/bin/python3 -W ignore:setup.py install is deprecated -W ignore:easy_install command is deprecated setup.py egg_info --egg-base build/robot_controller_sept_03 build --build-base /home/ws/batch2/ros2_ws/src/robot_controller_sept_03/build/robot_controller_sept_03/build install --record /home/ws/batch2/ros2_ws/src/robot_controller_sept_03/build/robot_controller_sept_03/install.log --single-version-externally-managed install_data
[9.533s] Level 1:colcon.colcon_core.environment:checking '/home/ws/batch2/ros2_ws/src/robot_controller_sept_03/install/robot_controller_sept_03' for CMake module files
[9.540s] Level 1:colcon.colcon_core.environment:checking '/home/ws/batch2/ros2_ws/src/robot_controller_sept_03/install/robot_controller_sept_03' for CMake config files
[9.553s] Level 1:colcon.colcon_core.environment:checking '/home/ws/batch2/ros2_ws/src/robot_controller_sept_03/install/robot_controller_sept_03/lib'
[9.560s] Level 1:colcon.colcon_core.environment:checking '/home/ws/batch2/ros2_ws/src/robot_controller_sept_03/install/robot_controller_sept_03/bin'
[9.560s] Level 1:colcon.colcon_core.environment:checking '/home/ws/batch2/ros2_ws/src/robot_controller_sept_03/install/robot_controller_sept_03/lib/pkgconfig/robot_controller_sept_03.pc'
[9.565s] Level 1:colcon.colcon_core.environment:checking '/home/ws/batch2/ros2_ws/src/robot_controller_sept_03/install/robot_controller_sept_03/lib/python3.10/site-packages'
[9.565s] Level 1:colcon.colcon_core.shell:create_environment_hook('robot_controller_sept_03', 'pythonpath')
[9.566s] INFO:colcon.colcon_core.shell:Creating environment hook '/home/ws/batch2/ros2_ws/src/robot_controller_sept_03/install/robot_controller_sept_03/share/robot_controller_sept_03/hook/pythonpath.ps1'
[9.573s] INFO:colcon.colcon_core.shell:Creating environment descriptor '/home/ws/batch2/ros2_ws/src/robot_controller_sept_03/install/robot_controller_sept_03/share/robot_controller_sept_03/hook/pythonpath.dsv'
[9.659s] INFO:colcon.colcon_core.shell:Creating environment hook '/home/ws/batch2/ros2_ws/src/robot_controller_sept_03/install/robot_controller_sept_03/share/robot_controller_sept_03/hook/pythonpath.sh'
[9.663s] Level 1:colcon.colcon_core.environment:checking '/home/ws/batch2/ros2_ws/src/robot_controller_sept_03/install/robot_controller_sept_03/bin'
[9.664s] Level 1:colcon.colcon_core.environment:create_environment_scripts_only(robot_controller_sept_03)
[9.666s] INFO:colcon.colcon_core.shell:Creating package script '/home/ws/batch2/ros2_ws/src/robot_controller_sept_03/install/robot_controller_sept_03/share/robot_controller_sept_03/package.ps1'
[9.686s] INFO:colcon.colcon_core.shell:Creating package descriptor '/home/ws/batch2/ros2_ws/src/robot_controller_sept_03/install/robot_controller_sept_03/share/robot_controller_sept_03/package.dsv'
[9.692s] INFO:colcon.colcon_core.shell:Creating package script '/home/ws/batch2/ros2_ws/src/robot_controller_sept_03/install/robot_controller_sept_03/share/robot_controller_sept_03/package.sh'
[9.807s] INFO:colcon.colcon_core.shell:Creating package script '/home/ws/batch2/ros2_ws/src/robot_controller_sept_03/install/robot_controller_sept_03/share/robot_controller_sept_03/package.bash'
[9.862s] INFO:colcon.colcon_core.shell:Creating package script '/home/ws/batch2/ros2_ws/src/robot_controller_sept_03/install/robot_controller_sept_03/share/robot_controller_sept_03/package.zsh'
[9.908s] Level 1:colcon.colcon_core.environment:create_file_with_runtime_dependencies(/home/ws/batch2/ros2_ws/src/robot_controller_sept_03/install/robot_controller_sept_03/share/colcon-core/packages/robot_controller_sept_03)
[9.912s] DEBUG:colcon.colcon_parallel_executor.executor.parallel:closing loop
[9.914s] DEBUG:colcon.colcon_parallel_executor.executor.parallel:loop closed
[9.916s] DEBUG:colcon.colcon_parallel_executor.executor.parallel:run_until_complete finished with '0'
[9.926s] DEBUG:colcon.colcon_core.event_reactor:joining thread
[10.027s] INFO:colcon.colcon_core.plugin_system:Skipping extension 'colcon_notification.desktop_notification.terminal_notifier': Not used on non-Darwin systems
[10.028s] INFO:colcon.colcon_core.plugin_system:Skipping extension 'colcon_notification.desktop_notification.win32': Not used on non-Windows systems
[10.028s] INFO:colcon.colcon_notification.desktop_notification:Sending desktop notification using 'notify2'
[10.219s] DEBUG:colcon.colcon_core.event_reactor:joined thread
[10.220s] INFO:colcon.colcon_core.shell:Creating prefix script '/home/ws/batch2/ros2_ws/src/robot_controller_sept_03/install/local_setup.ps1'
[10.252s] INFO:colcon.colcon_core.shell:Creating prefix util module '/home/ws/batch2/ros2_ws/src/robot_controller_sept_03/install/_local_setup_util_ps1.py'
[10.264s] INFO:colcon.colcon_core.shell:Creating prefix chain script '/home/ws/batch2/ros2_ws/src/robot_controller_sept_03/install/setup.ps1'
[10.297s] INFO:colcon.colcon_core.shell:Creating prefix script '/home/ws/batch2/ros2_ws/src/robot_controller_sept_03/install/local_setup.sh'
[10.313s] INFO:colcon.colcon_core.shell:Creating prefix util module '/home/ws/batch2/ros2_ws/src/robot_controller_sept_03/install/_local_setup_util_sh.py'
[10.321s] INFO:colcon.colcon_core.shell:Creating prefix chain script '/home/ws/batch2/ros2_ws/src/robot_controller_sept_03/install/setup.sh'
[10.333s] INFO:colcon.colcon_core.shell:Creating prefix script '/home/ws/batch2/ros2_ws/src/robot_controller_sept_03/install/local_setup.bash'
[10.343s] INFO:colcon.colcon_core.shell:Creating prefix chain script '/home/ws/batch2/ros2_ws/src/robot_controller_sept_03/install/setup.bash'
[10.348s] INFO:colcon.colcon_core.shell:Creating prefix script '/home/ws/batch2/ros2_ws/src/robot_controller_sept_03/install/local_setup.zsh'
[10.366s] INFO:colcon.colcon_core.shell:Creating prefix chain script '/home/ws/batch2/ros2_ws/src/robot_controller_sept_03/install/setup.zsh'
