[0.609s] DEBUG:colcon:Command line arguments: ['/usr/bin/colcon', 'list', '-p', '--base-paths', '/home/ws/batch2/ros2_ws/src/robot_controller_sept_03/robot_controller_sept_03', '--log-base', '/dev/null']
[0.609s] DEBUG:colcon:Parsed command line arguments: Namespace(log_base=None, log_level=None, verb_name='list', build_base='build', ignore_user_meta=False, metas=['./colcon.meta'], base_paths=['/home/ws/batch2/ros2_ws/src/robot_controller_sept_03/robot_controller_sept_03', '--log-base', '/dev/null'], packages_ignore=None, packages_ignore_regex=None, paths=None, packages_up_to=None, packages_up_to_regex=None, packages_above=None, packages_above_and_dependencies=None, packages_above_depth=None, packages_select_by_dep=None, packages_skip_by_dep=None, packages_skip_up_to=None, packages_select_build_failed=False, packages_skip_build_finished=False, packages_select_test_failures=False, packages_skip_test_passed=False, packages_select=None, packages_skip=None, packages_select_regex=None, packages_skip_regex=None, packages_start=None, packages_end=None, allow_overriding=[], topological_order=False, names_only=False, paths_only=True, topological_graph=False, topological_graph_dot=False, topological_graph_density=False, topological_graph_legend=False, topological_graph_dot_cluster=False, topological_graph_dot_include_skipped=False, mixin_files=None, mixin=None, verb_parser=<colcon_mixin.mixin.mixin_argument.MixinArgumentDecorator object at 0x759610566410>, verb_extension=<colcon_package_information.verb.list.ListVerb object at 0x7596105653c0>, main=<bound method ListVerb.main of <colcon_package_information.verb.list.ListVerb object at 0x7596105653c0>>, mixin_verb=('list',))
[2.052s] Level 1:colcon.colcon_core.package_discovery:discover_packages(colcon_meta) check parameters
[2.060s] Level 1:colcon.colcon_core.package_discovery:discover_packages(recursive) check parameters
[2.060s] Level 1:colcon.colcon_core.package_discovery:discover_packages(ignore) check parameters
[2.060s] Level 1:colcon.colcon_core.package_discovery:discover_packages(path) check parameters
[2.060s] Level 1:colcon.colcon_core.package_discovery:discover_packages(recursive) discover
[2.060s] INFO:colcon.colcon_core.package_discovery:Crawling recursively for packages in '/home/ws/batch2/ros2_ws/src/robot_controller_sept_03/robot_controller_sept_03', '/home/ws/batch2/ros2_ws/src/robot_controller_sept_03/robot_controller_sept_03/--log-base', '/dev/null'
[2.061s] Level 1:colcon.colcon_core.package_identification:_identify(/home/ws/batch2/ros2_ws/src/robot_controller_sept_03/robot_controller_sept_03) by extensions ['ignore', 'ignore_ament_install']
[2.064s] Level 1:colcon.colcon_core.package_identification:_identify(/home/ws/batch2/ros2_ws/src/robot_controller_sept_03/robot_controller_sept_03) by extension 'ignore'
[2.076s] Level 1:colcon.colcon_core.package_identification:_identify(/home/ws/batch2/ros2_ws/src/robot_controller_sept_03/robot_controller_sept_03) by extension 'ignore_ament_install'
[2.077s] Level 1:colcon.colcon_core.package_identification:_identify(/home/ws/batch2/ros2_ws/src/robot_controller_sept_03/robot_controller_sept_03) by extensions ['colcon_pkg']
[2.077s] Level 1:colcon.colcon_core.package_identification:_identify(/home/ws/batch2/ros2_ws/src/robot_controller_sept_03/robot_controller_sept_03) by extension 'colcon_pkg'
[2.077s] Level 1:colcon.colcon_core.package_identification:_identify(/home/ws/batch2/ros2_ws/src/robot_controller_sept_03/robot_controller_sept_03) by extensions ['colcon_meta']
[2.077s] Level 1:colcon.colcon_core.package_identification:_identify(/home/ws/batch2/ros2_ws/src/robot_controller_sept_03/robot_controller_sept_03) by extension 'colcon_meta'
[2.077s] Level 1:colcon.colcon_core.package_identification:_identify(/home/ws/batch2/ros2_ws/src/robot_controller_sept_03/robot_controller_sept_03) by extensions ['ros']
[2.078s] Level 1:colcon.colcon_core.package_identification:_identify(/home/ws/batch2/ros2_ws/src/robot_controller_sept_03/robot_controller_sept_03) by extension 'ros'
[2.324s] Level 1:colcon.colcon_core.package_identification:_identify(/home/ws/batch2/ros2_ws/src/robot_controller_sept_03/robot_controller_sept_03) by extensions ['cmake', 'python']
[2.325s] Level 1:colcon.colcon_core.package_identification:_identify(/home/ws/batch2/ros2_ws/src/robot_controller_sept_03/robot_controller_sept_03) by extension 'cmake'
[2.325s] Level 1:colcon.colcon_core.package_identification:_identify(/home/ws/batch2/ros2_ws/src/robot_controller_sept_03/robot_controller_sept_03) by extension 'python'
[2.325s] Level 1:colcon.colcon_core.package_identification:_identify(/home/ws/batch2/ros2_ws/src/robot_controller_sept_03/robot_controller_sept_03) by extensions ['python_setup_py']
[2.325s] Level 1:colcon.colcon_core.package_identification:_identify(/home/ws/batch2/ros2_ws/src/robot_controller_sept_03/robot_controller_sept_03) by extension 'python_setup_py'
[2.326s] Level 1:colcon.colcon_core.package_identification:_identify(/home/ws/batch2/ros2_ws/src/robot_controller_sept_03/robot_controller_sept_03/log) by extensions ['ignore', 'ignore_ament_install']
[2.326s] Level 1:colcon.colcon_core.package_identification:_identify(/home/ws/batch2/ros2_ws/src/robot_controller_sept_03/robot_controller_sept_03/log) by extension 'ignore'
[2.326s] Level 1:colcon.colcon_core.package_identification:_identify(/home/ws/batch2/ros2_ws/src/robot_controller_sept_03/robot_controller_sept_03/log) ignored
[2.326s] Level 1:colcon.colcon_core.package_discovery:discover_packages(recursive) using defaults
