[0.415s] DEBUG:colcon:Command line arguments: ['/usr/bin/colcon', 'build']
[0.416s] DEBUG:colcon:Parsed command line arguments: Namespace(log_base=None, log_level=None, verb_name='build', build_base='build', install_base='install', merge_install=False, symlink_install=False, test_result_base=None, continue_on_error=False, executor='parallel', parallel_workers=6, event_handlers=None, ignore_user_meta=False, metas=['./colcon.meta'], base_paths=['.'], packages_ignore=None, packages_ignore_regex=None, paths=None, packages_up_to=None, packages_up_to_regex=None, packages_above=None, packages_above_and_dependencies=None, packages_above_depth=None, packages_select_by_dep=None, packages_skip_by_dep=None, packages_skip_up_to=None, packages_select_build_failed=False, packages_skip_build_finished=False, packages_select_test_failures=False, packages_skip_test_passed=False, packages_select=None, packages_skip=None, packages_select_regex=None, packages_skip_regex=None, packages_start=None, packages_end=None, allow_overriding=[], cmake_args=None, cmake_target=None, cmake_target_skip_unavailable=False, cmake_clean_cache=False, cmake_clean_first=False, cmake_force_configure=False, ament_cmake_args=None, catkin_cmake_args=None, catkin_skip_building_tests=False, mixin_files=None, mixin=None, verb_parser=<colcon_mixin.mixin.mixin_argument.MixinArgumentDecorator object at 0x7d0e597191e0>, verb_extension=<colcon_core.verb.build.BuildVerb object at 0x7d0e597187f0>, main=<bound method BuildVerb.main of <colcon_core.verb.build.BuildVerb object at 0x7d0e597187f0>>, mixin_verb=('build',))
[0.853s] Level 1:colcon.colcon_core.package_discovery:discover_packages(colcon_meta) check parameters
[0.854s] Level 1:colcon.colcon_core.package_discovery:discover_packages(recursive) check parameters
[0.854s] Level 1:colcon.colcon_core.package_discovery:discover_packages(ignore) check parameters
[0.854s] Level 1:colcon.colcon_core.package_discovery:discover_packages(path) check parameters
[0.854s] Level 1:colcon.colcon_core.package_discovery:discover_packages(colcon_meta) discover
[0.854s] Level 1:colcon.colcon_core.package_discovery:discover_packages(recursive) discover
[0.854s] INFO:colcon.colcon_core.package_discovery:Crawling recursively for packages in '/home/ws/batch2/ros2_ws'
[0.855s] Level 1:colcon.colcon_core.package_identification:_identify(.) by extensions ['ignore', 'ignore_ament_install']
[0.855s] Level 1:colcon.colcon_core.package_identification:_identify(.) by extension 'ignore'
[0.855s] Level 1:colcon.colcon_core.package_identification:_identify(.) by extension 'ignore_ament_install'
[0.855s] Level 1:colcon.colcon_core.package_identification:_identify(.) by extensions ['colcon_pkg']
[0.855s] Level 1:colcon.colcon_core.package_identification:_identify(.) by extension 'colcon_pkg'
[0.855s] Level 1:colcon.colcon_core.package_identification:_identify(.) by extensions ['colcon_meta']
[0.855s] Level 1:colcon.colcon_core.package_identification:_identify(.) by extension 'colcon_meta'
[0.855s] Level 1:colcon.colcon_core.package_identification:_identify(.) by extensions ['ros']
[0.855s] Level 1:colcon.colcon_core.package_identification:_identify(.) by extension 'ros'
[0.883s] Level 1:colcon.colcon_core.package_identification:_identify(.) by extensions ['cmake', 'python']
[0.883s] Level 1:colcon.colcon_core.package_identification:_identify(.) by extension 'cmake'
[0.883s] Level 1:colcon.colcon_core.package_identification:_identify(.) by extension 'python'
[0.883s] Level 1:colcon.colcon_core.package_identification:_identify(.) by extensions ['python_setup_py']
[0.883s] Level 1:colcon.colcon_core.package_identification:_identify(.) by extension 'python_setup_py'
[0.883s] Level 1:colcon.colcon_core.package_identification:_identify(build) by extensions ['ignore', 'ignore_ament_install']
[0.883s] Level 1:colcon.colcon_core.package_identification:_identify(build) by extension 'ignore'
[0.884s] Level 1:colcon.colcon_core.package_identification:_identify(build) ignored
[0.884s] Level 1:colcon.colcon_core.package_identification:_identify(install) by extensions ['ignore', 'ignore_ament_install']
[0.884s] Level 1:colcon.colcon_core.package_identification:_identify(install) by extension 'ignore'
[0.884s] Level 1:colcon.colcon_core.package_identification:_identify(install) ignored
[0.884s] Level 1:colcon.colcon_core.package_identification:_identify(log) by extensions ['ignore', 'ignore_ament_install']
[0.885s] Level 1:colcon.colcon_core.package_identification:_identify(log) by extension 'ignore'
[0.885s] Level 1:colcon.colcon_core.package_identification:_identify(log) ignored
[0.885s] Level 1:colcon.colcon_core.package_identification:_identify(src) by extensions ['ignore', 'ignore_ament_install']
[0.885s] Level 1:colcon.colcon_core.package_identification:_identify(src) by extension 'ignore'
[0.885s] Level 1:colcon.colcon_core.package_identification:_identify(src) by extension 'ignore_ament_install'
[0.885s] Level 1:colcon.colcon_core.package_identification:_identify(src) by extensions ['colcon_pkg']
[0.886s] Level 1:colcon.colcon_core.package_identification:_identify(src) by extension 'colcon_pkg'
[0.886s] Level 1:colcon.colcon_core.package_identification:_identify(src) by extensions ['colcon_meta']
[0.886s] Level 1:colcon.colcon_core.package_identification:_identify(src) by extension 'colcon_meta'
[0.886s] Level 1:colcon.colcon_core.package_identification:_identify(src) by extensions ['ros']
[0.886s] Level 1:colcon.colcon_core.package_identification:_identify(src) by extension 'ros'
[0.887s] Level 1:colcon.colcon_core.package_identification:_identify(src) by extensions ['cmake', 'python']
[0.887s] Level 1:colcon.colcon_core.package_identification:_identify(src) by extension 'cmake'
[0.887s] Level 1:colcon.colcon_core.package_identification:_identify(src) by extension 'python'
[0.887s] Level 1:colcon.colcon_core.package_identification:_identify(src) by extensions ['python_setup_py']
[0.887s] Level 1:colcon.colcon_core.package_identification:_identify(src) by extension 'python_setup_py'
[0.887s] Level 1:colcon.colcon_core.package_identification:_identify(src/build) by extensions ['ignore', 'ignore_ament_install']
[0.887s] Level 1:colcon.colcon_core.package_identification:_identify(src/build) by extension 'ignore'
[0.887s] Level 1:colcon.colcon_core.package_identification:_identify(src/build) ignored
[0.887s] Level 1:colcon.colcon_core.package_identification:_identify(src/install) by extensions ['ignore', 'ignore_ament_install']
[0.888s] Level 1:colcon.colcon_core.package_identification:_identify(src/install) by extension 'ignore'
[0.888s] Level 1:colcon.colcon_core.package_identification:_identify(src/install) ignored
[0.888s] Level 1:colcon.colcon_core.package_identification:_identify(src/log) by extensions ['ignore', 'ignore_ament_install']
[0.888s] Level 1:colcon.colcon_core.package_identification:_identify(src/log) by extension 'ignore'
[0.888s] Level 1:colcon.colcon_core.package_identification:_identify(src/log) ignored
[0.888s] Level 1:colcon.colcon_core.package_identification:_identify(src/robot_controller_sept_03) by extensions ['ignore', 'ignore_ament_install']
[0.889s] Level 1:colcon.colcon_core.package_identification:_identify(src/robot_controller_sept_03) by extension 'ignore'
[0.889s] Level 1:colcon.colcon_core.package_identification:_identify(src/robot_controller_sept_03) by extension 'ignore_ament_install'
[0.889s] Level 1:colcon.colcon_core.package_identification:_identify(src/robot_controller_sept_03) by extensions ['colcon_pkg']
[0.889s] Level 1:colcon.colcon_core.package_identification:_identify(src/robot_controller_sept_03) by extension 'colcon_pkg'
[0.889s] Level 1:colcon.colcon_core.package_identification:_identify(src/robot_controller_sept_03) by extensions ['colcon_meta']
[0.889s] Level 1:colcon.colcon_core.package_identification:_identify(src/robot_controller_sept_03) by extension 'colcon_meta'
[0.889s] Level 1:colcon.colcon_core.package_identification:_identify(src/robot_controller_sept_03) by extensions ['ros']
[0.889s] Level 1:colcon.colcon_core.package_identification:_identify(src/robot_controller_sept_03) by extension 'ros'
[0.895s] DEBUG:colcon.colcon_core.package_identification:Package 'src/robot_controller_sept_03' with type 'ros.ament_python' and name 'robot_controller_sept_03'
[0.895s] Level 1:colcon.colcon_core.package_discovery:discover_packages(recursive) using defaults
[0.895s] Level 1:colcon.colcon_core.package_discovery:discover_packages(ignore) discover
[0.895s] Level 1:colcon.colcon_core.package_discovery:discover_packages(ignore) using defaults
[0.895s] Level 1:colcon.colcon_core.package_discovery:discover_packages(path) discover
[0.895s] Level 1:colcon.colcon_core.package_discovery:discover_packages(path) using defaults
[0.975s] Level 1:colcon.colcon_core.package_discovery:discover_packages(prefix_path) check parameters
[0.975s] Level 1:colcon.colcon_core.package_discovery:discover_packages(prefix_path) discover
[0.981s] DEBUG:colcon.colcon_installed_package_information.package_discovery:Found 286 installed packages in /opt/ros/humble
[0.986s] Level 1:colcon.colcon_core.package_discovery:discover_packages(prefix_path) using defaults
[1.137s] Level 5:colcon.colcon_core.verb:set package 'robot_controller_sept_03' build argument 'cmake_args' from command line to 'None'
[1.137s] Level 5:colcon.colcon_core.verb:set package 'robot_controller_sept_03' build argument 'cmake_target' from command line to 'None'
[1.137s] Level 5:colcon.colcon_core.verb:set package 'robot_controller_sept_03' build argument 'cmake_target_skip_unavailable' from command line to 'False'
[1.137s] Level 5:colcon.colcon_core.verb:set package 'robot_controller_sept_03' build argument 'cmake_clean_cache' from command line to 'False'
[1.137s] Level 5:colcon.colcon_core.verb:set package 'robot_controller_sept_03' build argument 'cmake_clean_first' from command line to 'False'
[1.137s] Level 5:colcon.colcon_core.verb:set package 'robot_controller_sept_03' build argument 'cmake_force_configure' from command line to 'False'
[1.137s] Level 5:colcon.colcon_core.verb:set package 'robot_controller_sept_03' build argument 'ament_cmake_args' from command line to 'None'
[1.137s] Level 5:colcon.colcon_core.verb:set package 'robot_controller_sept_03' build argument 'catkin_cmake_args' from command line to 'None'
[1.138s] Level 5:colcon.colcon_core.verb:set package 'robot_controller_sept_03' build argument 'catkin_skip_building_tests' from command line to 'False'
[1.138s] DEBUG:colcon.colcon_core.verb:Building package 'robot_controller_sept_03' with the following arguments: {'ament_cmake_args': None, 'build_base': '/home/ws/batch2/ros2_ws/build/robot_controller_sept_03', 'catkin_cmake_args': None, 'catkin_skip_building_tests': False, 'cmake_args': None, 'cmake_clean_cache': False, 'cmake_clean_first': False, 'cmake_force_configure': False, 'cmake_target': None, 'cmake_target_skip_unavailable': False, 'install_base': '/home/ws/batch2/ros2_ws/install/robot_controller_sept_03', 'merge_install': False, 'path': '/home/ws/batch2/ros2_ws/src/robot_controller_sept_03', 'symlink_install': False, 'test_result_base': None}
[1.138s] INFO:colcon.colcon_core.executor:Executing jobs using 'parallel' executor
[1.144s] DEBUG:colcon.colcon_parallel_executor.executor.parallel:run_until_complete
[1.145s] INFO:colcon.colcon_ros.task.ament_python.build:Building ROS package in '/home/ws/batch2/ros2_ws/src/robot_controller_sept_03' with build type 'ament_python'
[1.149s] Level 1:colcon.colcon_core.shell:create_environment_hook('robot_controller_sept_03', 'ament_prefix_path')
[1.160s] INFO:colcon.colcon_core.plugin_system:Skipping extension 'colcon_core.shell.bat': Not used on non-Windows systems
[1.161s] INFO:colcon.colcon_core.shell:Creating environment hook '/home/ws/batch2/ros2_ws/install/robot_controller_sept_03/share/robot_controller_sept_03/hook/ament_prefix_path.ps1'
[1.173s] INFO:colcon.colcon_core.shell:Creating environment descriptor '/home/ws/batch2/ros2_ws/install/robot_controller_sept_03/share/robot_controller_sept_03/hook/ament_prefix_path.dsv'
[1.185s] INFO:colcon.colcon_core.shell:Creating environment hook '/home/ws/batch2/ros2_ws/install/robot_controller_sept_03/share/robot_controller_sept_03/hook/ament_prefix_path.sh'
[1.190s] INFO:colcon.colcon_core.shell:Skip shell extension 'powershell' for command environment: Not usable outside of PowerShell
[1.194s] DEBUG:colcon.colcon_core.shell:Skip shell extension 'dsv' for command environment
[2.520s] INFO:colcon.colcon_core.task.python.build:Building Python package in '/home/ws/batch2/ros2_ws/src/robot_controller_sept_03'
[2.522s] INFO:colcon.colcon_core.shell:Skip shell extension 'powershell' for command environment: Not usable outside of PowerShell
[2.522s] DEBUG:colcon.colcon_core.shell:Skip shell extension 'dsv' for command environment
[4.667s] DEBUG:colcon.colcon_core.event_handler.log_command:Invoking command in '/home/ws/batch2/ros2_ws/src/robot_controller_sept_03': PYTHONPATH=/home/ws/batch2/ros2_ws/build/robot_controller_sept_03/prefix_override:/usr/lib/python3/dist-packages/colcon_core/task/python/colcon_distutils_commands:/home/ws/batch2/ros2_ws/install/robot_controller_sept_03/lib/python3.10/site-packages:${PYTHONPATH} /usr/bin/python3 -W ignore:setup.py install is deprecated -W ignore:easy_install command is deprecated setup.py egg_info --egg-base ../../build/robot_controller_sept_03 build --build-base /home/ws/batch2/ros2_ws/build/robot_controller_sept_03/build install --record /home/ws/batch2/ros2_ws/build/robot_controller_sept_03/install.log --single-version-externally-managed install_data
[5.560s] DEBUG:colcon.colcon_core.event_handler.log_command:Invoked command in '/home/ws/batch2/ros2_ws/src/robot_controller_sept_03' returned '0': PYTHONPATH=/home/ws/batch2/ros2_ws/build/robot_controller_sept_03/prefix_override:/usr/lib/python3/dist-packages/colcon_core/task/python/colcon_distutils_commands:/home/ws/batch2/ros2_ws/install/robot_controller_sept_03/lib/python3.10/site-packages:${PYTHONPATH} /usr/bin/python3 -W ignore:setup.py install is deprecated -W ignore:easy_install command is deprecated setup.py egg_info --egg-base ../../build/robot_controller_sept_03 build --build-base /home/ws/batch2/ros2_ws/build/robot_controller_sept_03/build install --record /home/ws/batch2/ros2_ws/build/robot_controller_sept_03/install.log --single-version-externally-managed install_data
[5.635s] Level 1:colcon.colcon_core.environment:checking '/home/ws/batch2/ros2_ws/install/robot_controller_sept_03' for CMake module files
[5.636s] Level 1:colcon.colcon_core.environment:checking '/home/ws/batch2/ros2_ws/install/robot_controller_sept_03' for CMake config files
[5.639s] Level 1:colcon.colcon_core.environment:checking '/home/ws/batch2/ros2_ws/install/robot_controller_sept_03/lib'
[5.645s] Level 1:colcon.colcon_core.environment:checking '/home/ws/batch2/ros2_ws/install/robot_controller_sept_03/bin'
[5.645s] Level 1:colcon.colcon_core.environment:checking '/home/ws/batch2/ros2_ws/install/robot_controller_sept_03/lib/pkgconfig/robot_controller_sept_03.pc'
[5.647s] Level 1:colcon.colcon_core.environment:checking '/home/ws/batch2/ros2_ws/install/robot_controller_sept_03/lib/python3.10/site-packages'
[5.648s] Level 1:colcon.colcon_core.shell:create_environment_hook('robot_controller_sept_03', 'pythonpath')
[5.649s] INFO:colcon.colcon_core.shell:Creating environment hook '/home/ws/batch2/ros2_ws/install/robot_controller_sept_03/share/robot_controller_sept_03/hook/pythonpath.ps1'
[5.651s] INFO:colcon.colcon_core.shell:Creating environment descriptor '/home/ws/batch2/ros2_ws/install/robot_controller_sept_03/share/robot_controller_sept_03/hook/pythonpath.dsv'
[5.652s] INFO:colcon.colcon_core.shell:Creating environment hook '/home/ws/batch2/ros2_ws/install/robot_controller_sept_03/share/robot_controller_sept_03/hook/pythonpath.sh'
[5.654s] Level 1:colcon.colcon_core.environment:checking '/home/ws/batch2/ros2_ws/install/robot_controller_sept_03/bin'
[5.655s] Level 1:colcon.colcon_core.environment:create_environment_scripts_only(robot_controller_sept_03)
[5.656s] INFO:colcon.colcon_core.shell:Creating package script '/home/ws/batch2/ros2_ws/install/robot_controller_sept_03/share/robot_controller_sept_03/package.ps1'
[5.663s] INFO:colcon.colcon_core.shell:Creating package descriptor '/home/ws/batch2/ros2_ws/install/robot_controller_sept_03/share/robot_controller_sept_03/package.dsv'
[5.706s] INFO:colcon.colcon_core.shell:Creating package script '/home/ws/batch2/ros2_ws/install/robot_controller_sept_03/share/robot_controller_sept_03/package.sh'
[5.717s] INFO:colcon.colcon_core.shell:Creating package script '/home/ws/batch2/ros2_ws/install/robot_controller_sept_03/share/robot_controller_sept_03/package.bash'
[5.727s] INFO:colcon.colcon_core.shell:Creating package script '/home/ws/batch2/ros2_ws/install/robot_controller_sept_03/share/robot_controller_sept_03/package.zsh'
[5.733s] Level 1:colcon.colcon_core.environment:create_file_with_runtime_dependencies(/home/ws/batch2/ros2_ws/install/robot_controller_sept_03/share/colcon-core/packages/robot_controller_sept_03)
[5.735s] DEBUG:colcon.colcon_parallel_executor.executor.parallel:closing loop
[5.735s] DEBUG:colcon.colcon_parallel_executor.executor.parallel:loop closed
[5.736s] DEBUG:colcon.colcon_parallel_executor.executor.parallel:run_until_complete finished with '0'
[5.736s] DEBUG:colcon.colcon_core.event_reactor:joining thread
[5.776s] INFO:colcon.colcon_core.plugin_system:Skipping extension 'colcon_notification.desktop_notification.terminal_notifier': Not used on non-Darwin systems
[5.777s] INFO:colcon.colcon_core.plugin_system:Skipping extension 'colcon_notification.desktop_notification.win32': Not used on non-Windows systems
[5.777s] INFO:colcon.colcon_notification.desktop_notification:Sending desktop notification using 'notify2'
[5.880s] DEBUG:colcon.colcon_core.event_reactor:joined thread
[5.882s] INFO:colcon.colcon_core.shell:Creating prefix script '/home/ws/batch2/ros2_ws/install/local_setup.ps1'
[5.893s] INFO:colcon.colcon_core.shell:Creating prefix util module '/home/ws/batch2/ros2_ws/install/_local_setup_util_ps1.py'
[5.901s] INFO:colcon.colcon_core.shell:Creating prefix chain script '/home/ws/batch2/ros2_ws/install/setup.ps1'
[5.904s] INFO:colcon.colcon_core.shell:Creating prefix script '/home/ws/batch2/ros2_ws/install/local_setup.sh'
[5.906s] INFO:colcon.colcon_core.shell:Creating prefix util module '/home/ws/batch2/ros2_ws/install/_local_setup_util_sh.py'
[5.908s] INFO:colcon.colcon_core.shell:Creating prefix chain script '/home/ws/batch2/ros2_ws/install/setup.sh'
[5.910s] INFO:colcon.colcon_core.shell:Creating prefix script '/home/ws/batch2/ros2_ws/install/local_setup.bash'
[5.912s] INFO:colcon.colcon_core.shell:Creating prefix chain script '/home/ws/batch2/ros2_ws/install/setup.bash'
[5.915s] INFO:colcon.colcon_core.shell:Creating prefix script '/home/ws/batch2/ros2_ws/install/local_setup.zsh'
[5.916s] INFO:colcon.colcon_core.shell:Creating prefix chain script '/home/ws/batch2/ros2_ws/install/setup.zsh'
