[0.736s] DEBUG:colcon:Command line arguments: ['/usr/bin/colcon', 'build']
[0.737s] DEBUG:colcon:Parsed command line arguments: Namespace(log_base=None, log_level=None, verb_name='build', build_base='build', install_base='install', merge_install=False, symlink_install=False, test_result_base=None, continue_on_error=False, executor='parallel', parallel_workers=6, event_handlers=None, ignore_user_meta=False, metas=['./colcon.meta'], base_paths=['.'], packages_ignore=None, packages_ignore_regex=None, paths=None, packages_up_to=None, packages_up_to_regex=None, packages_above=None, packages_above_and_dependencies=None, packages_above_depth=None, packages_select_by_dep=None, packages_skip_by_dep=None, packages_skip_up_to=None, packages_select_build_failed=False, packages_skip_build_finished=False, packages_select_test_failures=False, packages_skip_test_passed=False, packages_select=None, packages_skip=None, packages_select_regex=None, packages_skip_regex=None, packages_start=None, packages_end=None, allow_overriding=[], cmake_args=None, cmake_target=None, cmake_target_skip_unavailable=False, cmake_clean_cache=False, cmake_clean_first=False, cmake_force_configure=False, ament_cmake_args=None, catkin_cmake_args=None, catkin_skip_building_tests=False, mixin_files=None, mixin=None, verb_parser=<colcon_mixin.mixin.mixin_argument.MixinArgumentDecorator object at 0x7dd4d5261210>, verb_extension=<colcon_core.verb.build.BuildVerb object at 0x7dd4d5260820>, main=<bound method BuildVerb.main of <colcon_core.verb.build.BuildVerb object at 0x7dd4d5260820>>, mixin_verb=('build',))
[1.755s] Level 1:colcon.colcon_core.package_discovery:discover_packages(colcon_meta) check parameters
[1.756s] Level 1:colcon.colcon_core.package_discovery:discover_packages(recursive) check parameters
[1.756s] Level 1:colcon.colcon_core.package_discovery:discover_packages(ignore) check parameters
[1.756s] Level 1:colcon.colcon_core.package_discovery:discover_packages(path) check parameters
[1.756s] Level 1:colcon.colcon_core.package_discovery:discover_packages(colcon_meta) discover
[1.759s] Level 1:colcon.colcon_core.package_discovery:discover_packages(recursive) discover
[1.759s] INFO:colcon.colcon_core.package_discovery:Crawling recursively for packages in '/home/ws/batch2/ros2_ws/src/robot_controller_sept_03'
[1.760s] Level 1:colcon.colcon_core.package_identification:_identify(.) by extensions ['ignore', 'ignore_ament_install']
[1.761s] Level 1:colcon.colcon_core.package_identification:_identify(.) by extension 'ignore'
[1.762s] Level 1:colcon.colcon_core.package_identification:_identify(.) by extension 'ignore_ament_install'
[1.763s] Level 1:colcon.colcon_core.package_identification:_identify(.) by extensions ['colcon_pkg']
[1.763s] Level 1:colcon.colcon_core.package_identification:_identify(.) by extension 'colcon_pkg'
[1.764s] Level 1:colcon.colcon_core.package_identification:_identify(.) by extensions ['colcon_meta']
[1.764s] Level 1:colcon.colcon_core.package_identification:_identify(.) by extension 'colcon_meta'
[1.765s] Level 1:colcon.colcon_core.package_identification:_identify(.) by extensions ['ros']
[1.770s] Level 1:colcon.colcon_core.package_identification:_identify(.) by extension 'ros'
[1.847s] DEBUG:colcon.colcon_core.package_identification:Package '.' with type 'ros.ament_python' and name 'robot_controller_sept_03'
[1.847s] Level 1:colcon.colcon_core.package_discovery:discover_packages(recursive) using defaults
[1.847s] Level 1:colcon.colcon_core.package_discovery:discover_packages(ignore) discover
[1.848s] Level 1:colcon.colcon_core.package_discovery:discover_packages(ignore) using defaults
[1.848s] Level 1:colcon.colcon_core.package_discovery:discover_packages(path) discover
[1.848s] Level 1:colcon.colcon_core.package_discovery:discover_packages(path) using defaults
[1.982s] Level 1:colcon.colcon_core.package_discovery:discover_packages(prefix_path) check parameters
[1.983s] Level 1:colcon.colcon_core.package_discovery:discover_packages(prefix_path) discover
[1.997s] DEBUG:colcon.colcon_installed_package_information.package_discovery:Found 286 installed packages in /opt/ros/humble
[2.006s] Level 1:colcon.colcon_core.package_discovery:discover_packages(prefix_path) using defaults
[2.241s] Level 5:colcon.colcon_core.verb:set package 'robot_controller_sept_03' build argument 'cmake_args' from command line to 'None'
[2.242s] Level 5:colcon.colcon_core.verb:set package 'robot_controller_sept_03' build argument 'cmake_target' from command line to 'None'
[2.242s] Level 5:colcon.colcon_core.verb:set package 'robot_controller_sept_03' build argument 'cmake_target_skip_unavailable' from command line to 'False'
[2.244s] Level 5:colcon.colcon_core.verb:set package 'robot_controller_sept_03' build argument 'cmake_clean_cache' from command line to 'False'
[2.244s] Level 5:colcon.colcon_core.verb:set package 'robot_controller_sept_03' build argument 'cmake_clean_first' from command line to 'False'
[2.245s] Level 5:colcon.colcon_core.verb:set package 'robot_controller_sept_03' build argument 'cmake_force_configure' from command line to 'False'
[2.245s] Level 5:colcon.colcon_core.verb:set package 'robot_controller_sept_03' build argument 'ament_cmake_args' from command line to 'None'
[2.245s] Level 5:colcon.colcon_core.verb:set package 'robot_controller_sept_03' build argument 'catkin_cmake_args' from command line to 'None'
[2.245s] Level 5:colcon.colcon_core.verb:set package 'robot_controller_sept_03' build argument 'catkin_skip_building_tests' from command line to 'False'
[2.245s] DEBUG:colcon.colcon_core.verb:Building package 'robot_controller_sept_03' with the following arguments: {'ament_cmake_args': None, 'build_base': '/home/ws/batch2/ros2_ws/src/robot_controller_sept_03/build/robot_controller_sept_03', 'catkin_cmake_args': None, 'catkin_skip_building_tests': False, 'cmake_args': None, 'cmake_clean_cache': False, 'cmake_clean_first': False, 'cmake_force_configure': False, 'cmake_target': None, 'cmake_target_skip_unavailable': False, 'install_base': '/home/ws/batch2/ros2_ws/src/robot_controller_sept_03/install/robot_controller_sept_03', 'merge_install': False, 'path': '/home/ws/batch2/ros2_ws/src/robot_controller_sept_03', 'symlink_install': False, 'test_result_base': None}
[2.246s] INFO:colcon.colcon_core.executor:Executing jobs using 'parallel' executor
[2.251s] DEBUG:colcon.colcon_parallel_executor.executor.parallel:run_until_complete
[2.253s] INFO:colcon.colcon_ros.task.ament_python.build:Building ROS package in '/home/ws/batch2/ros2_ws/src/robot_controller_sept_03' with build type 'ament_python'
[2.256s] Level 1:colcon.colcon_core.shell:create_environment_hook('robot_controller_sept_03', 'ament_prefix_path')
[2.272s] INFO:colcon.colcon_core.plugin_system:Skipping extension 'colcon_core.shell.bat': Not used on non-Windows systems
[2.275s] INFO:colcon.colcon_core.shell:Creating environment hook '/home/ws/batch2/ros2_ws/src/robot_controller_sept_03/install/robot_controller_sept_03/share/robot_controller_sept_03/hook/ament_prefix_path.ps1'
[2.280s] INFO:colcon.colcon_core.shell:Creating environment descriptor '/home/ws/batch2/ros2_ws/src/robot_controller_sept_03/install/robot_controller_sept_03/share/robot_controller_sept_03/hook/ament_prefix_path.dsv'
[2.289s] INFO:colcon.colcon_core.shell:Creating environment hook '/home/ws/batch2/ros2_ws/src/robot_controller_sept_03/install/robot_controller_sept_03/share/robot_controller_sept_03/hook/ament_prefix_path.sh'
[2.294s] INFO:colcon.colcon_core.shell:Skip shell extension 'powershell' for command environment: Not usable outside of PowerShell
[2.294s] DEBUG:colcon.colcon_core.shell:Skip shell extension 'dsv' for command environment
[3.934s] INFO:colcon.colcon_core.task.python.build:Building Python package in '/home/ws/batch2/ros2_ws/src/robot_controller_sept_03'
[3.943s] INFO:colcon.colcon_core.shell:Skip shell extension 'powershell' for command environment: Not usable outside of PowerShell
[3.944s] DEBUG:colcon.colcon_core.shell:Skip shell extension 'dsv' for command environment
[6.339s] DEBUG:colcon.colcon_core.event_handler.log_command:Invoking command in '/home/ws/batch2/ros2_ws/src/robot_controller_sept_03': PYTHONPATH=/home/ws/batch2/ros2_ws/src/robot_controller_sept_03/build/robot_controller_sept_03/prefix_override:/usr/lib/python3/dist-packages/colcon_core/task/python/colcon_distutils_commands:/home/ws/batch2/ros2_ws/src/robot_controller_sept_03/install/robot_controller_sept_03/lib/python3.10/site-packages:${PYTHONPATH} /usr/bin/python3 -W ignore:setup.py install is deprecated -W ignore:easy_install command is deprecated setup.py egg_info --egg-base build/robot_controller_sept_03 build --build-base /home/ws/batch2/ros2_ws/src/robot_controller_sept_03/build/robot_controller_sept_03/build install --record /home/ws/batch2/ros2_ws/src/robot_controller_sept_03/build/robot_controller_sept_03/install.log --single-version-externally-managed install_data
[7.333s] DEBUG:colcon.colcon_core.event_handler.log_command:Invoked command in '/home/ws/batch2/ros2_ws/src/robot_controller_sept_03' returned '0': PYTHONPATH=/home/ws/batch2/ros2_ws/src/robot_controller_sept_03/build/robot_controller_sept_03/prefix_override:/usr/lib/python3/dist-packages/colcon_core/task/python/colcon_distutils_commands:/home/ws/batch2/ros2_ws/src/robot_controller_sept_03/install/robot_controller_sept_03/lib/python3.10/site-packages:${PYTHONPATH} /usr/bin/python3 -W ignore:setup.py install is deprecated -W ignore:easy_install command is deprecated setup.py egg_info --egg-base build/robot_controller_sept_03 build --build-base /home/ws/batch2/ros2_ws/src/robot_controller_sept_03/build/robot_controller_sept_03/build install --record /home/ws/batch2/ros2_ws/src/robot_controller_sept_03/build/robot_controller_sept_03/install.log --single-version-externally-managed install_data
[7.346s] Level 1:colcon.colcon_core.environment:checking '/home/ws/batch2/ros2_ws/src/robot_controller_sept_03/install/robot_controller_sept_03' for CMake module files
[7.350s] Level 1:colcon.colcon_core.environment:checking '/home/ws/batch2/ros2_ws/src/robot_controller_sept_03/install/robot_controller_sept_03' for CMake config files
[7.356s] Level 1:colcon.colcon_core.environment:checking '/home/ws/batch2/ros2_ws/src/robot_controller_sept_03/install/robot_controller_sept_03/lib'
[7.358s] Level 1:colcon.colcon_core.environment:checking '/home/ws/batch2/ros2_ws/src/robot_controller_sept_03/install/robot_controller_sept_03/bin'
[7.359s] Level 1:colcon.colcon_core.environment:checking '/home/ws/batch2/ros2_ws/src/robot_controller_sept_03/install/robot_controller_sept_03/lib/pkgconfig/robot_controller_sept_03.pc'
[7.361s] Level 1:colcon.colcon_core.environment:checking '/home/ws/batch2/ros2_ws/src/robot_controller_sept_03/install/robot_controller_sept_03/lib/python3.10/site-packages'
[7.362s] Level 1:colcon.colcon_core.shell:create_environment_hook('robot_controller_sept_03', 'pythonpath')
[7.363s] INFO:colcon.colcon_core.shell:Creating environment hook '/home/ws/batch2/ros2_ws/src/robot_controller_sept_03/install/robot_controller_sept_03/share/robot_controller_sept_03/hook/pythonpath.ps1'
[7.371s] INFO:colcon.colcon_core.shell:Creating environment descriptor '/home/ws/batch2/ros2_ws/src/robot_controller_sept_03/install/robot_controller_sept_03/share/robot_controller_sept_03/hook/pythonpath.dsv'
[7.374s] INFO:colcon.colcon_core.shell:Creating environment hook '/home/ws/batch2/ros2_ws/src/robot_controller_sept_03/install/robot_controller_sept_03/share/robot_controller_sept_03/hook/pythonpath.sh'
[7.381s] Level 1:colcon.colcon_core.environment:checking '/home/ws/batch2/ros2_ws/src/robot_controller_sept_03/install/robot_controller_sept_03/bin'
[7.382s] Level 1:colcon.colcon_core.environment:create_environment_scripts_only(robot_controller_sept_03)
[7.384s] INFO:colcon.colcon_core.shell:Creating package script '/home/ws/batch2/ros2_ws/src/robot_controller_sept_03/install/robot_controller_sept_03/share/robot_controller_sept_03/package.ps1'
[7.391s] INFO:colcon.colcon_core.shell:Creating package descriptor '/home/ws/batch2/ros2_ws/src/robot_controller_sept_03/install/robot_controller_sept_03/share/robot_controller_sept_03/package.dsv'
[7.394s] INFO:colcon.colcon_core.shell:Creating package script '/home/ws/batch2/ros2_ws/src/robot_controller_sept_03/install/robot_controller_sept_03/share/robot_controller_sept_03/package.sh'
[7.408s] INFO:colcon.colcon_core.shell:Creating package script '/home/ws/batch2/ros2_ws/src/robot_controller_sept_03/install/robot_controller_sept_03/share/robot_controller_sept_03/package.bash'
[7.413s] INFO:colcon.colcon_core.shell:Creating package script '/home/ws/batch2/ros2_ws/src/robot_controller_sept_03/install/robot_controller_sept_03/share/robot_controller_sept_03/package.zsh'
[7.415s] Level 1:colcon.colcon_core.environment:create_file_with_runtime_dependencies(/home/ws/batch2/ros2_ws/src/robot_controller_sept_03/install/robot_controller_sept_03/share/colcon-core/packages/robot_controller_sept_03)
[7.417s] DEBUG:colcon.colcon_parallel_executor.executor.parallel:closing loop
[7.418s] DEBUG:colcon.colcon_parallel_executor.executor.parallel:loop closed
[7.418s] DEBUG:colcon.colcon_parallel_executor.executor.parallel:run_until_complete finished with '0'
[7.422s] DEBUG:colcon.colcon_core.event_reactor:joining thread
[7.479s] INFO:colcon.colcon_core.plugin_system:Skipping extension 'colcon_notification.desktop_notification.terminal_notifier': Not used on non-Darwin systems
[7.480s] INFO:colcon.colcon_core.plugin_system:Skipping extension 'colcon_notification.desktop_notification.win32': Not used on non-Windows systems
[7.480s] INFO:colcon.colcon_notification.desktop_notification:Sending desktop notification using 'notify2'
[7.567s] DEBUG:colcon.colcon_core.event_reactor:joined thread
[7.573s] INFO:colcon.colcon_core.shell:Creating prefix script '/home/ws/batch2/ros2_ws/src/robot_controller_sept_03/install/local_setup.ps1'
[7.575s] INFO:colcon.colcon_core.shell:Creating prefix util module '/home/ws/batch2/ros2_ws/src/robot_controller_sept_03/install/_local_setup_util_ps1.py'
[7.578s] INFO:colcon.colcon_core.shell:Creating prefix chain script '/home/ws/batch2/ros2_ws/src/robot_controller_sept_03/install/setup.ps1'
[7.580s] INFO:colcon.colcon_core.shell:Creating prefix script '/home/ws/batch2/ros2_ws/src/robot_controller_sept_03/install/local_setup.sh'
[7.581s] INFO:colcon.colcon_core.shell:Creating prefix util module '/home/ws/batch2/ros2_ws/src/robot_controller_sept_03/install/_local_setup_util_sh.py'
[7.582s] INFO:colcon.colcon_core.shell:Creating prefix chain script '/home/ws/batch2/ros2_ws/src/robot_controller_sept_03/install/setup.sh'
[7.584s] INFO:colcon.colcon_core.shell:Creating prefix script '/home/ws/batch2/ros2_ws/src/robot_controller_sept_03/install/local_setup.bash'
[7.585s] INFO:colcon.colcon_core.shell:Creating prefix chain script '/home/ws/batch2/ros2_ws/src/robot_controller_sept_03/install/setup.bash'
[7.588s] INFO:colcon.colcon_core.shell:Creating prefix script '/home/ws/batch2/ros2_ws/src/robot_controller_sept_03/install/local_setup.zsh'
[7.589s] INFO:colcon.colcon_core.shell:Creating prefix chain script '/home/ws/batch2/ros2_ws/src/robot_controller_sept_03/install/setup.zsh'
